[2025-11-20 22:58:35] user=guest role=unknown ip=::1 action="Попытка входа: login=admin"
[2025-11-20 22:59:34] user=guest role=unknown ip=::1 action="Попытка входа: login=admin"
[2025-11-20 22:59:50] user=guest role=unknown ip=::1 action="Попытка входа: login=admin"
[2025-11-20 23:00:25] user=guest role=unknown ip=::1 action="Попытка входа: login=admin"
[2025-11-20 23:00:56] user=guest role=unknown ip=::1 action="Попытка входа: login=admin"
[2025-11-20 23:00:57] user=admin role=admin ip=::1 action="Успешный вход: login=admin role=admin"
[2025-11-20 23:00:57] user=admin role=admin ip=::1 action="Открыта страница admin.php"
[2025-11-20 23:13:07] user=admin role=admin ip=::1 action="Открыта страница admin.php"
[2025-11-20 23:13:10] user=admin role=admin ip=::1 action="Выход из системы"
[2025-11-20 23:13:14] user=guest role=unknown ip=::1 action="Попытка входа: login=admin"
[2025-11-20 23:13:14] user=admin role=admin ip=::1 action="Успешный вход: login=admin role=admin"
[2025-11-20 23:13:14] user=admin role=admin ip=::1 action="Открыта страница admin.php"
[2025-11-20 23:13:46] user=admin role=admin ip=::1 action="Открыт просмотр журналов"
[2025-11-20 23:14:08] user=admin role=admin ip=::1 action="Открыта страница admin.php"
[2025-11-20 23:14:09] user=admin role=admin ip=::1 action="Выход из системы"
[2025-11-20 23:14:15] user=guest role=unknown ip=::1 action="Попытка входа: login=caxa"
[2025-11-20 23:14:15] user=caxa role=user ip=::1 action="Успешный вход: login=caxa role=user"
[2025-11-20 23:14:18] user=caxa role=user ip=::1 action="Выход из системы"
[2025-11-20 23:14:29] user=guest role=unknown ip=::1 action="Попытка входа: login=manager1"
[2025-11-20 23:14:29] user=manager1 role=manager ip=::1 action="Успешный вход: login=manager1 role=manager"
[2025-11-20 23:14:29] user=manager1 role=manager ip=::1 action="Открыта панель менеджера"
[2025-11-20 23:14:34] user=guest role=unknown ip=::1 action="Менеджер изменил данные пользователя ID="
[2025-11-20 23:14:37] user=guest role=unknown ip=::1 action="Менеджер изменил данные пользователя ID="
[2025-11-20 23:14:37] user=manager1 role=manager ip=::1 action="Открыта панель менеджера"
[2025-11-20 23:14:38] user=manager1 role=manager ip=::1 action="Выход из системы"
[2025-11-20 23:14:43] user=guest role=unknown ip=::1 action="Попытка входа: login=admin"
[2025-11-20 23:14:43] user=admin role=admin ip=::1 action="Успешный вход: login=admin role=admin"
[2025-11-20 23:14:43] user=admin role=admin ip=::1 action="Открыта страница admin.php"
[2025-11-20 23:14:45] user=admin role=admin ip=::1 action="Открыт просмотр журналов"
[2025-11-20 23:15:50] user=admin role=admin ip=::1 action="Открыт просмотр журналов"
[2025-11-20 23:15:52] user=admin role=admin ip=::1 action="Открыта страница admin.php"
[2025-11-20 23:15:53] user=admin role=admin ip=::1 action="Выход из системы"
[2025-11-20 23:15:59] user=guest role=unknown ip=::1 action="Попытка входа: login=manager1"
[2025-11-20 23:15:59] user=manager1 role=manager ip=::1 action="Успешный вход: login=manager1 role=manager"
[2025-11-20 23:15:59] user=manager1 role=manager ip=::1 action="Открыта панель менеджера"
[2025-11-20 23:16:01] user=manager1 role=manager ip=::1 action="Открыта страница редактирования пользователя ID=6"
[2025-11-20 23:16:03] user=manager1 role=manager ip=::1 action="Менеджер изменил данные пользователя ID=6 (новый логин: user2)"
[2025-11-20 23:16:03] user=manager1 role=manager ip=::1 action="Открыта панель менеджера"
[2025-11-20 23:16:12] user=manager1 role=manager ip=::1 action="Выход из системы"
[2025-11-20 23:16:17] user=guest role=unknown ip=::1 action="Попытка входа: login=admin"
[2025-11-20 23:16:18] user=admin role=admin ip=::1 action="Успешный вход: login=admin role=admin"
[2025-11-20 23:16:18] user=admin role=admin ip=::1 action="Открыта страница admin.php"
[2025-11-20 23:16:20] user=admin role=admin ip=::1 action="Открыт просмотр журналов"
[2025-11-20 23:16:40] user=admin role=admin ip=::1 action="Открыта страница admin.php"
[2025-11-20 23:16:41] user=admin role=admin ip=::1 action="Выход из системы"
[2025-11-21 12:51:23] user=guest role=unknown ip=::1 action="Попытка входа: login=admin"
[2025-11-21 12:51:23] user=admin role=admin ip=::1 action="Успешный вход: login=admin role=admin"
[2025-11-21 12:51:23] user=admin role=admin ip=::1 action="Открыта страница admin.php"
[2025-11-21 12:51:26] user=admin role=admin ip=::1 action="Открыта страница admin.php"
[2025-11-21 12:51:28] user=admin role=admin ip=::1 action="Открыт просмотр журналов"
[2025-11-21 12:51:39] user=admin role=admin ip=::1 action="Открыта страница admin.php"
[2025-11-21 12:51:41] user=admin role=admin ip=::1 action="Выход из системы"
[2025-11-21 12:51:46] user=guest role=unknown ip=::1 action="Попытка входа: login=manager1"
[2025-11-21 12:51:46] user=manager1 role=manager ip=::1 action="Успешный вход: login=manager1 role=manager"
[2025-11-21 12:51:46] user=manager1 role=manager ip=::1 action="Открыта панель менеджера"
[2025-11-21 12:51:48] user=manager1 role=manager ip=::1 action="Выход из системы"
[2025-11-21 12:51:54] user=guest role=unknown ip=::1 action="Попытка входа: login=admin"
[2025-11-21 12:51:54] user=admin role=admin ip=::1 action="Успешный вход: login=admin role=admin"
[2025-11-21 12:51:54] user=admin role=admin ip=::1 action="Открыта страница admin.php"
[2025-11-21 12:52:25] user=admin role=admin ip=::1 action="Открыта страница admin.php"
[2025-11-21 12:54:28] user=admin role=admin ip=::1 action="Попытка входа: login=admin"
[2025-11-21 12:54:29] user=admin role=admin ip=::1 action="Успешный вход: login=admin role=admin"
[2025-11-21 12:54:29] user=admin role=admin ip=::1 action="Открыта страница admin.php"
[2025-11-21 12:54:35] user=admin role=admin ip=::1 action="Открыта страница admin.php"
[2025-11-21 12:54:49] user=admin role=admin ip=::1 action="Попытка входа: login=admin"
[2025-11-21 12:54:49] user=admin role=admin ip=::1 action="Успешный вход: login=admin role=admin"
[2025-11-21 12:54:49] user=admin role=admin ip=::1 action="Открыта страница admin.php"
[2025-11-21 12:55:17] user=admin role=admin ip=::1 action="Открыта панель менеджера"
[2025-11-21 12:55:24] user=admin role=admin ip=::1 action="Попытка входа: login=manager1"
[2025-11-21 12:55:24] user=manager1 role=manager ip=::1 action="Успешный вход: login=manager1 role=manager"
[2025-11-21 12:55:24] user=manager1 role=manager ip=::1 action="Открыта панель менеджера"
[2025-11-21 12:55:40] user=manager1 role=manager ip=::1 action="Выход из системы"
[2025-11-21 12:55:42] user=guest role=unknown ip=::1 action="Гость открыл guest.php"
[2025-11-21 12:56:00] user=guest role=unknown ip=::1 action="Гость открыл guest.php"
[2025-11-21 12:56:12] user=guest role=unknown ip=::1 action="Попытка входа: login=admin"
[2025-11-21 12:56:12] user=admin role=admin ip=::1 action="Успешный вход: login=admin role=admin"
[2025-11-21 12:56:12] user=admin role=admin ip=::1 action="Открыта страница admin.php"
[2025-11-21 13:12:27] user=admin role=admin ip=::1 action="Попытка входа: login=admin"
[2025-11-21 13:12:27] user=admin role=admin ip=::1 action="Успешный вход: login=admin role=admin"
[2025-11-21 13:19:48] user=admin role=admin ip=::1 action="Попытка входа: login=caxa"
[2025-11-21 13:19:49] user=caxa role=user ip=::1 action="Успешный вход: login=caxa role=user"
[2025-11-21 13:30:35] user=caxa role=user ip=::1 action="Попытка входа: login=caxa"
[2025-11-21 13:30:36] user=caxa role=user ip=::1 action="Успешный вход: login=caxa role=user"
[2025-11-21 13:31:06] user=caxa role=user ip=::1 action="Выход из системы"
[2025-11-21 13:31:18] user=guest role=unknown ip=::1 action="Попытка входа: login=admin"
[2025-11-21 13:31:18] user=admin role=admin ip=::1 action="Успешный вход: login=admin role=admin"
[2025-11-21 13:31:18] user=admin role=admin ip=::1 action="Открыта страница admin.php"
[2025-11-21 13:31:58] user=admin role=admin ip=::1 action="Открыта страница admin.php"
[2025-11-21 13:31:58] user=admin role=admin ip=::1 action="Открыт просмотр журналов"
[2025-11-21 13:32:01] user=admin role=admin ip=::1 action="Открыта страница admin.php"
[2025-11-21 13:32:23] user=admin role=admin ip=::1 action="Открыта страница admin.php"
[2025-11-21 13:32:24] user=admin role=admin ip=::1 action="Открыт просмотр журналов"
[2025-11-21 13:32:25] user=admin role=admin ip=::1 action="Открыта страница admin.php"
[2025-11-21 13:32:27] user=admin role=admin ip=::1 action="Открыт просмотр журналов"
[2025-11-21 13:32:34] user=admin role=admin ip=::1 action="Открыта страница admin.php"
[2025-11-21 13:32:48] user=admin role=admin ip=::1 action="Открыта страница admin.php"
[2025-11-21 13:32:49] user=admin role=admin ip=::1 action="Выход из системы"
[2025-11-21 13:33:11] user=guest role=unknown ip=::1 action="Гость открыл guest.php"
[2025-11-21 13:33:16] user=guest role=unknown ip=::1 action="Гость открыл guest.php"
[2025-11-21 13:33:56] user=guest role=unknown ip=::1 action="Гость открыл guest.php"
[2025-11-21 13:33:56] user=guest role=unknown ip=::1 action="Гость открыл guest.php"
[2025-11-21 13:34:58] user=guest role=unknown ip=::1 action="Гость открыл guest.php"
[2025-11-21 13:34:58] user=guest role=unknown ip=::1 action="Гость открыл guest.php"
[2025-11-21 13:35:06] user=guest role=unknown ip=::1 action="Гость открыл guest.php"
[2025-11-21 13:35:55] user=guest role=unknown ip=::1 action="Гость открыл guest.php"
[2025-11-21 13:35:58] user=guest role=unknown ip=::1 action="Гость открыл guest.php"
[2025-11-21 13:36:04] user=guest role=unknown ip=::1 action="Гость открыл guest.php"
[2025-11-21 13:36:13] user=guest role=unknown ip=::1 action="Гость открыл guest.php"
[2025-11-21 13:36:30] user=guest role=unknown ip=::1 action="Попытка входа: login=manager1"
[2025-11-21 13:36:30] user=manager1 role=manager ip=::1 action="Успешный вход: login=manager1 role=manager"
[2025-11-21 13:36:30] user=manager1 role=manager ip=::1 action="Открыта панель менеджера"
[2025-11-21 13:37:04] user=manager1 role=manager ip=::1 action="Открыта панель менеджера"
[2025-11-21 13:37:04] user=manager1 role=manager ip=::1 action="Открыта панель менеджера"
[2025-11-21 13:37:06] user=manager1 role=manager ip=::1 action="Открыта страница редактирования пользователя ID=6"
[2025-11-21 13:37:07] user=manager1 role=manager ip=::1 action="Менеджер изменил данные пользователя ID = 6 (новый логин: user21)"
[2025-11-21 13:37:12] user=manager1 role=manager ip=::1 action="Менеджер изменил данные пользователя ID = 6 (новый логин: user21)"
[2025-11-21 13:37:49] user=manager1 role=manager ip=::1 action="Открыта страница редактирования пользователя ID=6"
[2025-11-21 13:37:49] user=manager1 role=manager ip=::1 action="Открыта страница редактирования пользователя ID=6"
[2025-11-21 13:37:50] user=manager1 role=manager ip=::1 action="Менеджер изменил данные пользователя ID = 6 (новый логин: user21)"
[2025-11-21 13:38:52] user=manager1 role=manager ip=::1 action="Открыта страница редактирования пользователя ID=6"
[2025-11-21 13:38:52] user=manager1 role=manager ip=::1 action="Открыта страница редактирования пользователя ID=6"
[2025-11-21 13:38:53] user=manager1 role=manager ip=::1 action="Менеджер изменил данные пользователя ID = 6 (новый логин: user21)"
[2025-11-21 13:38:53] user=manager1 role=manager ip=::1 action="Открыта панель менеджера"
[2025-11-21 13:39:08] user=manager1 role=manager ip=::1 action="Открыта панель менеджера"
[2025-11-21 13:39:08] user=manager1 role=manager ip=::1 action="Открыта панель менеджера"
[2025-11-21 13:39:09] user=manager1 role=manager ip=::1 action="Выход из системы"
[2025-11-21 13:39:15] user=guest role=unknown ip=::1 action="Попытка входа: login=admin"
[2025-11-21 13:39:15] user=admin role=admin ip=::1 action="Успешный вход: login=admin role=admin"
[2025-11-21 13:39:15] user=admin role=admin ip=::1 action="Открыта страница admin.php"
[2025-11-21 13:39:18] user=admin role=admin ip=::1 action="Открыта страница admin.php"
[2025-11-21 13:39:19] user=admin role=admin ip=::1 action="Открыт просмотр журналов"
[2025-11-21 13:39:30] user=admin role=admin ip=::1 action="Открыта страница admin.php"
[2025-11-21 13:39:31] user=admin role=admin ip=::1 action="Выход из системы"
[2025-11-21 13:43:55] user=guest role=unknown ip=::1 action="Попытка входа: login=admin"
[2025-11-21 13:43:55] user=admin role=admin ip=::1 action="Успешный вход: login=admin role=admin"
[2025-11-21 13:43:55] user=admin role=admin ip=::1 action="Открыта страница admin.php"
[2025-11-21 13:45:13] user=admin role=admin ip=::1 action="Попытка входа: login=admin"
[2025-11-21 13:45:13] user=admin role=admin ip=::1 action="Успешный вход: login=admin role=admin"
[2025-11-21 13:45:13] user=admin role=admin ip=::1 action="Открыта страница admin.php"
[2025-11-21 13:45:33] user=admin role=admin ip=::1 action="Открыта страница admin.php"
[2025-11-21 13:45:36] user=admin role=admin ip=::1 action="Открыта страница admin.php"
[2025-11-21 13:45:36] user=admin role=admin ip=::1 action="Открыт просмотр журналов"
[2025-11-21 13:45:37] user=admin role=admin ip=::1 action="Открыта страница admin.php"
[2025-11-21 13:58:44] user=admin role=admin ip=::1 action="Открыта страница admin.php"
[2025-11-21 13:58:47] user=admin role=admin ip=::1 action="Открыта страница admin.php"
[2025-11-21 13:58:47] user=admin role=admin ip=::1 action="Выход из системы"
[2025-11-21 14:14:06] user=guest role=unknown ip=::1 action="Попытка входа: login=admin"
[2025-11-21 14:14:06] user=admin role=admin ip=::1 action="Успешный вход: login=admin role=admin"
[2025-11-21 14:14:06] user=admin role=admin ip=::1 action="Открыта страница admin.php"
[2025-11-21 14:15:23] user=admin role=admin ip=::1 action="Открыта страница admin.php"
[2025-11-21 14:15:36] user=admin role=admin ip=::1 action="Попытка входа: login=admin"
[2025-11-21 14:15:37] user=admin role=admin ip=::1 action="Успешный вход: login=admin role=admin"
[2025-11-21 14:15:37] user=admin role=admin ip=::1 action="Открыта страница admin.php"
[2025-11-21 14:18:30] user=admin role=admin ip=::1 action="Открыта страница admin.php"
[2025-11-21 14:22:34] user=admin role=admin ip=::1 action="Открыта страница admin.php"
[2025-11-21 14:22:36] user=admin role=admin ip=::1 action="Открыта страница admin.php"
[2025-11-21 14:22:48] user=admin role=admin ip=::1 action="Попытка входа: login=admin"
[2025-11-21 14:22:48] user=admin role=admin ip=::1 action="Успешный вход: login=admin role=admin"
[2025-11-21 14:22:48] user=admin role=admin ip=::1 action="Открыта страница admin.php"
[2025-11-21 14:22:50] user=admin role=admin ip=::1 action="Открыт просмотр журналов"
[2025-11-21 14:22:53] user=admin role=admin ip=::1 action="Открыта страница admin.php"
[2025-11-21 14:23:11] user=admin role=admin ip=::1 action="Открыта страница admin.php"
[2025-11-21 14:25:33] user=admin role=admin ip=::1 action="Открыта страница admin.php"
[2025-11-21 14:27:30] user=admin role=admin ip=::1 action="Открыта страница admin.php"
[2025-11-21 14:34:13] user=admin role=admin ip=::1 action="Открыта страница admin.php"
[2025-11-21 14:35:10] user=admin role=admin ip=::1 action="Открыт просмотр журналов"
[2025-11-21 14:36:47] user=admin role=admin ip=::1 action="Открыт просмотр журналов"
[2025-11-21 14:36:59] user=admin role=admin ip=::1 action="Открыта страница admin.php"
[2025-11-21 14:37:00] user=admin role=admin ip=::1 action="Выход из системы"
[2025-11-21 14:37:15] user=guest role=unknown ip=::1 action="Попытка просмотра логов без прав"
[2025-11-21 14:37:41] user=guest role=unknown ip=::1 action="Попытка просмотра логов без прав"
