[2025-11-20 22:58:35] user=guest role=unknown ip=::1 action="Попытка входа: login=admin"
[2025-11-20 22:59:34] user=guest role=unknown ip=::1 action="Попытка входа: login=admin"
[2025-11-20 22:59:50] user=guest role=unknown ip=::1 action="Попытка входа: login=admin"
[2025-11-20 23:00:25] user=guest role=unknown ip=::1 action="Попытка входа: login=admin"
[2025-11-20 23:00:56] user=guest role=unknown ip=::1 action="Попытка входа: login=admin"
[2025-11-20 23:00:57] user=admin role=admin ip=::1 action="Успешный вход: login=admin role=admin"
[2025-11-20 23:00:57] user=admin role=admin ip=::1 action="Открыта страница admin.php"
[2025-11-20 23:13:07] user=admin role=admin ip=::1 action="Открыта страница admin.php"
[2025-11-20 23:13:10] user=admin role=admin ip=::1 action="Выход из системы"
[2025-11-20 23:13:14] user=guest role=unknown ip=::1 action="Попытка входа: login=admin"
[2025-11-20 23:13:14] user=admin role=admin ip=::1 action="Успешный вход: login=admin role=admin"
[2025-11-20 23:13:14] user=admin role=admin ip=::1 action="Открыта страница admin.php"
[2025-11-20 23:13:46] user=admin role=admin ip=::1 action="Открыт просмотр журналов"
[2025-11-20 23:14:08] user=admin role=admin ip=::1 action="Открыта страница admin.php"
[2025-11-20 23:14:09] user=admin role=admin ip=::1 action="Выход из системы"
[2025-11-20 23:14:15] user=guest role=unknown ip=::1 action="Попытка входа: login=caxa"
[2025-11-20 23:14:15] user=caxa role=user ip=::1 action="Успешный вход: login=caxa role=user"
[2025-11-20 23:14:18] user=caxa role=user ip=::1 action="Выход из системы"
[2025-11-20 23:14:29] user=guest role=unknown ip=::1 action="Попытка входа: login=manager1"
[2025-11-20 23:14:29] user=manager1 role=manager ip=::1 action="Успешный вход: login=manager1 role=manager"
[2025-11-20 23:14:29] user=manager1 role=manager ip=::1 action="Открыта панель менеджера"
[2025-11-20 23:14:34] user=guest role=unknown ip=::1 action="Менеджер изменил данные пользователя ID="
[2025-11-20 23:14:37] user=guest role=unknown ip=::1 action="Менеджер изменил данные пользователя ID="
[2025-11-20 23:14:37] user=manager1 role=manager ip=::1 action="Открыта панель менеджера"
[2025-11-20 23:14:38] user=manager1 role=manager ip=::1 action="Выход из системы"
[2025-11-20 23:14:43] user=guest role=unknown ip=::1 action="Попытка входа: login=admin"
[2025-11-20 23:14:43] user=admin role=admin ip=::1 action="Успешный вход: login=admin role=admin"
[2025-11-20 23:14:43] user=admin role=admin ip=::1 action="Открыта страница admin.php"
[2025-11-20 23:14:45] user=admin role=admin ip=::1 action="Открыт просмотр журналов"
[2025-11-20 23:15:50] user=admin role=admin ip=::1 action="Открыт просмотр журналов"
[2025-11-20 23:15:52] user=admin role=admin ip=::1 action="Открыта страница admin.php"
[2025-11-20 23:15:53] user=admin role=admin ip=::1 action="Выход из системы"
[2025-11-20 23:15:59] user=guest role=unknown ip=::1 action="Попытка входа: login=manager1"
[2025-11-20 23:15:59] user=manager1 role=manager ip=::1 action="Успешный вход: login=manager1 role=manager"
[2025-11-20 23:15:59] user=manager1 role=manager ip=::1 action="Открыта панель менеджера"
[2025-11-20 23:16:01] user=manager1 role=manager ip=::1 action="Открыта страница редактирования пользователя ID=6"
[2025-11-20 23:16:03] user=manager1 role=manager ip=::1 action="Менеджер изменил данные пользователя ID=6 (новый логин: user2)"
[2025-11-20 23:16:03] user=manager1 role=manager ip=::1 action="Открыта панель менеджера"
[2025-11-20 23:16:12] user=manager1 role=manager ip=::1 action="Выход из системы"
[2025-11-20 23:16:17] user=guest role=unknown ip=::1 action="Попытка входа: login=admin"
[2025-11-20 23:16:18] user=admin role=admin ip=::1 action="Успешный вход: login=admin role=admin"
[2025-11-20 23:16:18] user=admin role=admin ip=::1 action="Открыта страница admin.php"
[2025-11-20 23:16:20] user=admin role=admin ip=::1 action="Открыт просмотр журналов"
[2025-11-20 23:16:40] user=admin role=admin ip=::1 action="Открыта страница admin.php"
[2025-11-20 23:16:41] user=admin role=admin ip=::1 action="Выход из системы"
